2018-10-07 19:33:52,580 INFO o.a.j.u.JMeterUtils: Setting Locale to en_US
2018-10-07 19:33:52,625 INFO o.a.j.JMeter: Loading user properties from: /Users/nirbhaykekre/Downloads/apache-jmeter-4.0/bin/user.properties
2018-10-07 19:33:52,626 INFO o.a.j.JMeter: Loading system properties from: /Users/nirbhaykekre/Downloads/apache-jmeter-4.0/bin/system.properties
2018-10-07 19:33:52,637 INFO o.a.j.JMeter: Copyright (c) 1998-2018 The Apache Software Foundation
2018-10-07 19:33:52,637 INFO o.a.j.JMeter: Version 4.0 r1823414
2018-10-07 19:33:52,637 INFO o.a.j.JMeter: java.version=10.0.2
2018-10-07 19:33:52,638 INFO o.a.j.JMeter: java.vm.name=Java HotSpot(TM) 64-Bit Server VM
2018-10-07 19:33:52,638 INFO o.a.j.JMeter: os.name=Mac OS X
2018-10-07 19:33:52,638 INFO o.a.j.JMeter: os.arch=x86_64
2018-10-07 19:33:52,638 INFO o.a.j.JMeter: os.version=10.13.6
2018-10-07 19:33:52,638 INFO o.a.j.JMeter: file.encoding=UTF-8
2018-10-07 19:33:52,638 INFO o.a.j.JMeter: Max memory     =2147483648
2018-10-07 19:33:52,638 INFO o.a.j.JMeter: Available Processors =4
2018-10-07 19:33:52,649 INFO o.a.j.JMeter: Default Locale=English (United States)
2018-10-07 19:33:52,649 INFO o.a.j.JMeter: JMeter  Locale=English (United States)
2018-10-07 19:33:52,650 INFO o.a.j.JMeter: JMeterHome=/Users/nirbhaykekre/Downloads/apache-jmeter-4.0
2018-10-07 19:33:52,650 INFO o.a.j.JMeter: user.dir  =/Users/nirbhaykekre/Desktop/gitWS/CMPE273-37/backend
2018-10-07 19:33:52,651 INFO o.a.j.JMeter: PWD       =/Users/nirbhaykekre/Desktop/gitWS/CMPE273-37/backend
2018-10-07 19:33:52,669 INFO o.a.j.JMeter: IP: 10.0.0.104 Name: Nirbhays-MacBook-Pro.local FullName: 10.0.0.104
2018-10-07 19:33:56,196 INFO o.a.j.g.a.LookAndFeelCommand: Installing Darcula LAF
2018-10-07 19:33:56,205 INFO o.a.j.g.a.LookAndFeelCommand: Using look and feel: javax.swing.plaf.metal.MetalLookAndFeel [Darcula]
2018-10-07 19:33:56,206 INFO o.a.j.JMeter: Setting LAF to: javax.swing.plaf.metal.MetalLookAndFeel
2018-10-07 19:33:56,224 INFO o.a.j.JMeter: Loaded icon properties from org/apache/jmeter/images/icon.properties
2018-10-07 19:33:56,837 INFO o.a.j.e.u.CompoundVariable: Note: Function class names must contain the string: '.functions.'
2018-10-07 19:33:56,837 INFO o.a.j.e.u.CompoundVariable: Note: Function class names must not contain the string: '.gui.'
2018-10-07 19:33:58,628 INFO o.a.j.p.h.s.HTTPSamplerBase: Parser for text/html is org.apache.jmeter.protocol.http.parser.LagartoBasedHtmlParser
2018-10-07 19:33:58,628 INFO o.a.j.p.h.s.HTTPSamplerBase: Parser for application/xhtml+xml is org.apache.jmeter.protocol.http.parser.LagartoBasedHtmlParser
2018-10-07 19:33:58,628 INFO o.a.j.p.h.s.HTTPSamplerBase: Parser for application/xml is org.apache.jmeter.protocol.http.parser.LagartoBasedHtmlParser
2018-10-07 19:33:58,629 INFO o.a.j.p.h.s.HTTPSamplerBase: Parser for text/xml is org.apache.jmeter.protocol.http.parser.LagartoBasedHtmlParser
2018-10-07 19:33:58,629 INFO o.a.j.p.h.s.HTTPSamplerBase: Parser for text/vnd.wap.wml is org.apache.jmeter.protocol.http.parser.RegexpHTMLParser
2018-10-07 19:33:58,629 INFO o.a.j.p.h.s.HTTPSamplerBase: Parser for text/css is org.apache.jmeter.protocol.http.parser.CssParser
2018-10-07 19:33:59,072 INFO o.a.j.e.KeyToolUtils: keytool found at 'keytool'
2018-10-07 19:33:59,073 INFO o.a.j.p.h.p.ProxyControl: HTTP(S) Test Script Recorder SSL Proxy will use keys that support embedded 3rd party resources in file /Users/nirbhaykekre/Downloads/apache-jmeter-4.0/bin/proxyserver.jks
2018-10-07 19:33:59,203 INFO o.a.j.s.FileServer: Default base='/Users/nirbhaykekre/Desktop/gitWS/CMPE273-37/backend'
2018-10-07 19:33:59,528 INFO o.a.j.s.SampleResult: Note: Sample TimeStamps are START times
2018-10-07 19:33:59,528 INFO o.a.j.s.SampleResult: sampleresult.default.encoding is set to ISO-8859-1
2018-10-07 19:33:59,528 INFO o.a.j.s.SampleResult: sampleresult.useNanoTime=true
2018-10-07 19:33:59,528 INFO o.a.j.s.SampleResult: sampleresult.nanoThreadSleep=5000
